2025-07-11 11:10:32,887 - src.recommendation.engine - INFO - Enhanced Recommendation Engine initialized with fixes
✅ Database initialized with onboarding support
✅ Sample universities available: 15
TextProcessor initialized successfully
spaCy model 'en_core_web_sm' loaded successfully
Pattern matching setup complete with 10 theme categories
ML model trained successfully with sample data
PolicyClassifier initialized successfully
DatabaseOperations initialized successfully with JSON storage
ChartGenerator initialized - Plotly: True
🔧 FIXED PolicyCraft Recommendation Engine loaded:
   ✅ Enhanced scoring algorithm (15-35% realistic range)
   ✅ Weighted keyword matching with phrase detection
   ✅ Existing policy recognition (disclosure, governance)
   ✅ Context-aware recommendations with deduplication
   ✅ Fixed gap_type errors and missing fields
Traceback (most recent call last):
  File "/Users/jaai/Desktop/PROJECT MASTER/App and Report/PolicyCraft/App/PolicyCraft /app.py", line 227, in <module>
    app.jinja_env.filters["clean_filename"] = clean_filename
                                              ^^^^^^^^^^^^^^
NameError: name 'clean_filename' is not defined
